<?xml version="1.0" encoding="UTF-8"?>
<testsuite xmlns:xsi="http://www.w3.org/2001/XMLSchema-instance" xsi:noNamespaceSchemaLocation="https://maven.apache.org/surefire/maven-surefire-plugin/xsd/surefire-test-report.xsd" name="common.AppTest" time="0.052" tests="1" errors="0" skipped="0" failures="0">
  <properties>
    <property name="sun.desktop" value="windows"/>
    <property name="awt.toolkit" value="sun.awt.windows.WToolkit"/>
    <property name="file.encoding.pkg" value="sun.io"/>
    <property name="java.specification.version" value="1.8"/>
    <property name="sun.cpu.isalist" value="amd64"/>
    <property name="sun.jnu.encoding" value="GBK"/>
    <property name="java.class.path" value="C:\software\IDEAWorkspace\jt.parent\jt.common\target\test-classes;C:\software\IDEAWorkspace\jt.parent\jt.common\target\classes;C:\software\maven\IDEAmvnrepository\junit\junit\4.11\junit-4.11.jar;C:\software\maven\IDEAmvnrepository\org\hamcrest\hamcrest-core\1.3\hamcrest-core-1.3.jar;C:\software\maven\IDEAmvnrepository\org\springframework\spring-context\4.1.3.RELEASE\spring-context-4.1.3.RELEASE.jar;C:\software\maven\IDEAmvnrepository\org\springframework\spring-aop\4.1.3.RELEASE\spring-aop-4.1.3.RELEASE.jar;C:\software\maven\IDEAmvnrepository\aopalliance\aopalliance\1.0\aopalliance-1.0.jar;C:\software\maven\IDEAmvnrepository\org\springframework\spring-beans\4.1.3.RELEASE\spring-beans-4.1.3.RELEASE.jar;C:\software\maven\IDEAmvnrepository\org\springframework\spring-core\4.1.3.RELEASE\spring-core-4.1.3.RELEASE.jar;C:\software\maven\IDEAmvnrepository\org\springframework\spring-expression\4.1.3.RELEASE\spring-expression-4.1.3.RELEASE.jar;C:\software\maven\IDEAmvnrepository\org\springframework\spring-webmvc\4.1.3.RELEASE\spring-webmvc-4.1.3.RELEASE.jar;C:\software\maven\IDEAmvnrepository\org\springframework\spring-web\4.1.3.RELEASE\spring-web-4.1.3.RELEASE.jar;C:\software\maven\IDEAmvnrepository\org\springframework\spring-jdbc\4.1.3.RELEASE\spring-jdbc-4.1.3.RELEASE.jar;C:\software\maven\IDEAmvnrepository\org\springframework\spring-tx\4.1.3.RELEASE\spring-tx-4.1.3.RELEASE.jar;C:\software\maven\IDEAmvnrepository\org\springframework\spring-aspects\4.1.3.RELEASE\spring-aspects-4.1.3.RELEASE.jar;C:\software\maven\IDEAmvnrepository\org\aspectj\aspectjweaver\1.8.4\aspectjweaver-1.8.4.jar;C:\software\maven\IDEAmvnrepository\org\mybatis\mybatis\3.2.8\mybatis-3.2.8.jar;C:\software\maven\IDEAmvnrepository\org\mybatis\mybatis-spring\1.2.2\mybatis-spring-1.2.2.jar;C:\software\maven\IDEAmvnrepository\com\github\miemiedev\mybatis-paginator\1.2.15\mybatis-paginator-1.2.15.jar;C:\software\maven\IDEAmvnrepository\org\slf4j\slf4j-api\1.7.2\slf4j-api-1.7.2.jar;C:\software\maven\IDEAmvnrepository\mysql\mysql-connector-java\5.1.32\mysql-connector-java-5.1.32.jar;C:\software\maven\IDEAmvnrepository\com\github\abel533\mapper\2.3.2\mapper-2.3.2.jar;C:\software\maven\IDEAmvnrepository\javax\persistence\persistence-api\1.0\persistence-api-1.0.jar;C:\software\maven\IDEAmvnrepository\commons-beanutils\commons-beanutils\1.9.2\commons-beanutils-1.9.2.jar;C:\software\maven\IDEAmvnrepository\commons-collections\commons-collections\3.2.1\commons-collections-3.2.1.jar;C:\software\maven\IDEAmvnrepository\com\github\pagehelper\pagehelper\3.4.2\pagehelper-3.4.2.jar;C:\software\maven\IDEAmvnrepository\com\github\jsqlparser\jsqlparser\0.9.1\jsqlparser-0.9.1.jar;C:\software\maven\IDEAmvnrepository\com\jolbox\bonecp-spring\0.8.0.RELEASE\bonecp-spring-0.8.0.RELEASE.jar;C:\software\maven\IDEAmvnrepository\com\jolbox\bonecp\0.8.0.RELEASE\bonecp-0.8.0.RELEASE.jar;C:\software\maven\IDEAmvnrepository\com\google\guava\guava\15.0\guava-15.0.jar;C:\software\maven\IDEAmvnrepository\org\slf4j\slf4j-log4j12\1.6.4\slf4j-log4j12-1.6.4.jar;C:\software\maven\IDEAmvnrepository\log4j\log4j\1.2.16\log4j-1.2.16.jar;C:\software\maven\IDEAmvnrepository\com\fasterxml\jackson\core\jackson-databind\2.4.2\jackson-databind-2.4.2.jar;C:\software\maven\IDEAmvnrepository\com\fasterxml\jackson\core\jackson-annotations\2.4.0\jackson-annotations-2.4.0.jar;C:\software\maven\IDEAmvnrepository\com\fasterxml\jackson\core\jackson-core\2.4.2\jackson-core-2.4.2.jar;C:\software\maven\IDEAmvnrepository\org\apache\httpcomponents\httpclient\4.3.5\httpclient-4.3.5.jar;C:\software\maven\IDEAmvnrepository\org\apache\httpcomponents\httpcore\4.3.2\httpcore-4.3.2.jar;C:\software\maven\IDEAmvnrepository\commons-logging\commons-logging\1.1.3\commons-logging-1.1.3.jar;C:\software\maven\IDEAmvnrepository\org\apache\httpcomponents\httpmime\4.3.1\httpmime-4.3.1.jar;C:\software\maven\IDEAmvnrepository\jstl\jstl\1.2\jstl-1.2.jar;C:\software\maven\IDEAmvnrepository\javax\servlet\servlet-api\2.5\servlet-api-2.5.jar;C:\software\maven\IDEAmvnrepository\javax\servlet\jsp-api\2.0\jsp-api-2.0.jar;C:\software\maven\IDEAmvnrepository\joda-time\joda-time\2.5\joda-time-2.5.jar;C:\software\maven\IDEAmvnrepository\org\apache\commons\commons-lang3\3.3.2\commons-lang3-3.3.2.jar;C:\software\maven\IDEAmvnrepository\commons-io\commons-io\2.4\commons-io-2.4.jar;C:\software\maven\IDEAmvnrepository\commons-fileupload\commons-fileupload\1.3.1\commons-fileupload-1.3.1.jar;C:\software\maven\IDEAmvnrepository\redis\clients\jedis\2.6.0\jedis-2.6.0.jar;C:\software\maven\IDEAmvnrepository\org\apache\commons\commons-pool2\2.0\commons-pool2-2.0.jar;C:\software\maven\IDEAmvnrepository\commons-codec\commons-codec\1.9\commons-codec-1.9.jar;C:\software\maven\IDEAmvnrepository\org\hibernate\hibernate-validator\5.1.3.Final\hibernate-validator-5.1.3.Final.jar;C:\software\maven\IDEAmvnrepository\javax\validation\validation-api\1.1.0.Final\validation-api-1.1.0.Final.jar;C:\software\maven\IDEAmvnrepository\org\jboss\logging\jboss-logging\3.1.3.GA\jboss-logging-3.1.3.GA.jar;C:\software\maven\IDEAmvnrepository\com\fasterxml\classmate\1.0.0\classmate-1.0.0.jar;"/>
    <property name="java.vm.vendor" value="Oracle Corporation"/>
    <property name="sun.arch.data.model" value="64"/>
    <property name="user.variant" value=""/>
    <property name="java.vendor.url" value="http://java.oracle.com/"/>
    <property name="user.timezone" value="Asia/Shanghai"/>
    <property name="java.vm.specification.version" value="1.8"/>
    <property name="os.name" value="Windows 8.1"/>
    <property name="user.country" value="CN"/>
    <property name="sun.java.launcher" value="SUN_STANDARD"/>
    <property name="sun.boot.library.path" value="C:\software\JDK\JDK8.0\jre\bin"/>
    <property name="sun.java.command" value="C:\Users\MrFeng\AppData\Local\Temp\surefire914567736262415887\surefirebooter4486180538731567682.jar C:\Users\MrFeng\AppData\Local\Temp\surefire914567736262415887 2020-09-20T13-07-55_695-jvmRun1 surefire3822671244798953216tmp surefire_07870687064699889110tmp"/>
    <property name="surefire.test.class.path" value="C:\software\IDEAWorkspace\jt.parent\jt.common\target\test-classes;C:\software\IDEAWorkspace\jt.parent\jt.common\target\classes;C:\software\maven\IDEAmvnrepository\junit\junit\4.11\junit-4.11.jar;C:\software\maven\IDEAmvnrepository\org\hamcrest\hamcrest-core\1.3\hamcrest-core-1.3.jar;C:\software\maven\IDEAmvnrepository\org\springframework\spring-context\4.1.3.RELEASE\spring-context-4.1.3.RELEASE.jar;C:\software\maven\IDEAmvnrepository\org\springframework\spring-aop\4.1.3.RELEASE\spring-aop-4.1.3.RELEASE.jar;C:\software\maven\IDEAmvnrepository\aopalliance\aopalliance\1.0\aopalliance-1.0.jar;C:\software\maven\IDEAmvnrepository\org\springframework\spring-beans\4.1.3.RELEASE\spring-beans-4.1.3.RELEASE.jar;C:\software\maven\IDEAmvnrepository\org\springframework\spring-core\4.1.3.RELEASE\spring-core-4.1.3.RELEASE.jar;C:\software\maven\IDEAmvnrepository\org\springframework\spring-expression\4.1.3.RELEASE\spring-expression-4.1.3.RELEASE.jar;C:\software\maven\IDEAmvnrepository\org\springframework\spring-webmvc\4.1.3.RELEASE\spring-webmvc-4.1.3.RELEASE.jar;C:\software\maven\IDEAmvnrepository\org\springframework\spring-web\4.1.3.RELEASE\spring-web-4.1.3.RELEASE.jar;C:\software\maven\IDEAmvnrepository\org\springframework\spring-jdbc\4.1.3.RELEASE\spring-jdbc-4.1.3.RELEASE.jar;C:\software\maven\IDEAmvnrepository\org\springframework\spring-tx\4.1.3.RELEASE\spring-tx-4.1.3.RELEASE.jar;C:\software\maven\IDEAmvnrepository\org\springframework\spring-aspects\4.1.3.RELEASE\spring-aspects-4.1.3.RELEASE.jar;C:\software\maven\IDEAmvnrepository\org\aspectj\aspectjweaver\1.8.4\aspectjweaver-1.8.4.jar;C:\software\maven\IDEAmvnrepository\org\mybatis\mybatis\3.2.8\mybatis-3.2.8.jar;C:\software\maven\IDEAmvnrepository\org\mybatis\mybatis-spring\1.2.2\mybatis-spring-1.2.2.jar;C:\software\maven\IDEAmvnrepository\com\github\miemiedev\mybatis-paginator\1.2.15\mybatis-paginator-1.2.15.jar;C:\software\maven\IDEAmvnrepository\org\slf4j\slf4j-api\1.7.2\slf4j-api-1.7.2.jar;C:\software\maven\IDEAmvnrepository\mysql\mysql-connector-java\5.1.32\mysql-connector-java-5.1.32.jar;C:\software\maven\IDEAmvnrepository\com\github\abel533\mapper\2.3.2\mapper-2.3.2.jar;C:\software\maven\IDEAmvnrepository\javax\persistence\persistence-api\1.0\persistence-api-1.0.jar;C:\software\maven\IDEAmvnrepository\commons-beanutils\commons-beanutils\1.9.2\commons-beanutils-1.9.2.jar;C:\software\maven\IDEAmvnrepository\commons-collections\commons-collections\3.2.1\commons-collections-3.2.1.jar;C:\software\maven\IDEAmvnrepository\com\github\pagehelper\pagehelper\3.4.2\pagehelper-3.4.2.jar;C:\software\maven\IDEAmvnrepository\com\github\jsqlparser\jsqlparser\0.9.1\jsqlparser-0.9.1.jar;C:\software\maven\IDEAmvnrepository\com\jolbox\bonecp-spring\0.8.0.RELEASE\bonecp-spring-0.8.0.RELEASE.jar;C:\software\maven\IDEAmvnrepository\com\jolbox\bonecp\0.8.0.RELEASE\bonecp-0.8.0.RELEASE.jar;C:\software\maven\IDEAmvnrepository\com\google\guava\guava\15.0\guava-15.0.jar;C:\software\maven\IDEAmvnrepository\org\slf4j\slf4j-log4j12\1.6.4\slf4j-log4j12-1.6.4.jar;C:\software\maven\IDEAmvnrepository\log4j\log4j\1.2.16\log4j-1.2.16.jar;C:\software\maven\IDEAmvnrepository\com\fasterxml\jackson\core\jackson-databind\2.4.2\jackson-databind-2.4.2.jar;C:\software\maven\IDEAmvnrepository\com\fasterxml\jackson\core\jackson-annotations\2.4.0\jackson-annotations-2.4.0.jar;C:\software\maven\IDEAmvnrepository\com\fasterxml\jackson\core\jackson-core\2.4.2\jackson-core-2.4.2.jar;C:\software\maven\IDEAmvnrepository\org\apache\httpcomponents\httpclient\4.3.5\httpclient-4.3.5.jar;C:\software\maven\IDEAmvnrepository\org\apache\httpcomponents\httpcore\4.3.2\httpcore-4.3.2.jar;C:\software\maven\IDEAmvnrepository\commons-logging\commons-logging\1.1.3\commons-logging-1.1.3.jar;C:\software\maven\IDEAmvnrepository\org\apache\httpcomponents\httpmime\4.3.1\httpmime-4.3.1.jar;C:\software\maven\IDEAmvnrepository\jstl\jstl\1.2\jstl-1.2.jar;C:\software\maven\IDEAmvnrepository\javax\servlet\servlet-api\2.5\servlet-api-2.5.jar;C:\software\maven\IDEAmvnrepository\javax\servlet\jsp-api\2.0\jsp-api-2.0.jar;C:\software\maven\IDEAmvnrepository\joda-time\joda-time\2.5\joda-time-2.5.jar;C:\software\maven\IDEAmvnrepository\org\apache\commons\commons-lang3\3.3.2\commons-lang3-3.3.2.jar;C:\software\maven\IDEAmvnrepository\commons-io\commons-io\2.4\commons-io-2.4.jar;C:\software\maven\IDEAmvnrepository\commons-fileupload\commons-fileupload\1.3.1\commons-fileupload-1.3.1.jar;C:\software\maven\IDEAmvnrepository\redis\clients\jedis\2.6.0\jedis-2.6.0.jar;C:\software\maven\IDEAmvnrepository\org\apache\commons\commons-pool2\2.0\commons-pool2-2.0.jar;C:\software\maven\IDEAmvnrepository\commons-codec\commons-codec\1.9\commons-codec-1.9.jar;C:\software\maven\IDEAmvnrepository\org\hibernate\hibernate-validator\5.1.3.Final\hibernate-validator-5.1.3.Final.jar;C:\software\maven\IDEAmvnrepository\javax\validation\validation-api\1.1.0.Final\validation-api-1.1.0.Final.jar;C:\software\maven\IDEAmvnrepository\org\jboss\logging\jboss-logging\3.1.3.GA\jboss-logging-3.1.3.GA.jar;C:\software\maven\IDEAmvnrepository\com\fasterxml\classmate\1.0.0\classmate-1.0.0.jar;"/>
    <property name="sun.cpu.endian" value="little"/>
    <property name="user.home" value="C:\Users\MrFeng"/>
    <property name="user.language" value="zh"/>
    <property name="java.specification.vendor" value="Oracle Corporation"/>
    <property name="java.home" value="C:\software\JDK\JDK8.0\jre"/>
    <property name="basedir" value="C:\software\IDEAWorkspace\jt.parent\jt.common"/>
    <property name="file.separator" value="\"/>
    <property name="line.separator" value="&#10;"/>
    <property name="java.vm.specification.vendor" value="Oracle Corporation"/>
    <property name="java.specification.name" value="Java Platform API Specification"/>
    <property name="java.awt.graphicsenv" value="sun.awt.Win32GraphicsEnvironment"/>
    <property name="surefire.real.class.path" value="C:\Users\MrFeng\AppData\Local\Temp\surefire914567736262415887\surefirebooter4486180538731567682.jar"/>
    <property name="sun.boot.class.path" value="C:\software\JDK\JDK8.0\jre\lib\resources.jar;C:\software\JDK\JDK8.0\jre\lib\rt.jar;C:\software\JDK\JDK8.0\jre\lib\sunrsasign.jar;C:\software\JDK\JDK8.0\jre\lib\jsse.jar;C:\software\JDK\JDK8.0\jre\lib\jce.jar;C:\software\JDK\JDK8.0\jre\lib\charsets.jar;C:\software\JDK\JDK8.0\jre\lib\jfr.jar;C:\software\JDK\JDK8.0\jre\classes"/>
    <property name="user.script" value=""/>
    <property name="sun.management.compiler" value="HotSpot 64-Bit Tiered Compilers"/>
    <property name="java.runtime.version" value="1.8.0_45-b14"/>
    <property name="user.name" value="MrFeng"/>
    <property name="path.separator" value=";"/>
    <property name="os.version" value="6.3"/>
    <property name="java.endorsed.dirs" value="C:\software\JDK\JDK8.0\jre\lib\endorsed"/>
    <property name="java.runtime.name" value="Java(TM) SE Runtime Environment"/>
    <property name="file.encoding" value="GBK"/>
    <property name="java.vm.name" value="Java HotSpot(TM) 64-Bit Server VM"/>
    <property name="localRepository" value="C:\software\maven\IDEAmvnrepository"/>
    <property name="java.vendor.url.bug" value="http://bugreport.sun.com/bugreport/"/>
    <property name="java.io.tmpdir" value="C:\Users\MrFeng\AppData\Local\Temp\"/>
    <property name="java.version" value="1.8.0_45"/>
    <property name="user.dir" value="C:\software\IDEAWorkspace\jt.parent\jt.common"/>
    <property name="os.arch" value="amd64"/>
    <property name="java.vm.specification.name" value="Java Virtual Machine Specification"/>
    <property name="java.awt.printerjob" value="sun.awt.windows.WPrinterJob"/>
    <property name="sun.os.patch.level" value=""/>
    <property name="java.library.path" value="C:\software\JDK\JDK8.0\jre\bin;C:\WINDOWS\Sun\Java\bin;C:\WINDOWS\system32;C:\WINDOWS;C:\software\Oracle\app\oracle\product\10.2.0\server\bin;C:\WINDOWS\system32;C:\WINDOWS;C:\WINDOWS\System32\Wbem;C:\WINDOWS\System32\WindowsPowerShell\v1.0\;C:\WINDOWS\System32\OpenSSH\;C:\Program Files\Intel\WiFi\bin\;C:\Program Files\Common Files\Intel\WirelessCommon\;C:\software\JDK\JDK8.0\bin;C:\software\MySQL\bin;C:\Users\MrFeng\AppData\Local\Microsoft\WindowsApps;;C:\software\IntelliJ IDEA\bin;;C:\Program Files\Bandizip\;."/>
    <property name="idea.version2019.3.2" value="true"/>
    <property name="java.vm.info" value="mixed mode"/>
    <property name="java.vendor" value="Oracle Corporation"/>
    <property name="java.vm.version" value="25.45-b02"/>
    <property name="java.ext.dirs" value="C:\software\JDK\JDK8.0\jre\lib\ext;C:\WINDOWS\Sun\Java\lib\ext"/>
    <property name="sun.io.unicode.encoding" value="UnicodeLittle"/>
    <property name="maven.repo.local" value="C:\software\maven\IDEAmvnrepository"/>
    <property name="java.class.version" value="52.0"/>
  </properties>
  <testcase name="shouldAnswerWithTrue" classname="common.AppTest" time="0.003"/>
</testsuite>